2024-03-28T19:02:17.838+0800	info	/Users/data/gowork/src/imapi/main.go:19	Starting
2024-03-28T19:02:18.424+0800	info	/Users/data/gowork/src/imapi/internal/server/manager.go:179	CreateNoticeMsg &{1 0 0 0 0x140001c7b30 0 0}
2024-03-28T19:02:22.859+0800	info	/Users/data/gowork/src/imapi/internal/server/manager.go:179	CreateNoticeMsg &{2 0 0 0 0x140001c7f50 0 0}
2024-03-28T19:02:28.489+0800	info	/Users/data/gowork/src/imapi/internal/server/manager.go:179	CreateNoticeMsg &{1 0 0 0 0x14000579da0 0 0}
2024-03-28T19:02:32.943+0800	info	/Users/data/gowork/src/imapi/internal/server/manager.go:179	CreateNoticeMsg &{2 0 0 0 0x1400022a0c0 0 0}
2024-03-28T19:02:38.427+0800	info	/Users/data/gowork/src/imapi/internal/server/manager.go:179	CreateNoticeMsg &{1 0 0 0 0x14000579e90 0 0}
2024-03-28T19:02:42.890+0800	info	/Users/data/gowork/src/imapi/internal/server/manager.go:179	CreateNoticeMsg &{2 0 0 0 0x14000579f80 0 0}
2024-03-28T19:02:48.439+0800	info	/Users/data/gowork/src/imapi/internal/server/manager.go:179	CreateNoticeMsg &{1 0 0 0 0x140002ee090 0 0}
2024-03-28T19:02:52.879+0800	info	/Users/data/gowork/src/imapi/internal/server/manager.go:179	CreateNoticeMsg &{2 0 0 0 0x140002ee210 0 0}
2024-03-28T19:02:58.435+0800	info	/Users/data/gowork/src/imapi/internal/server/manager.go:179	CreateNoticeMsg &{1 0 0 0 0x1400022a390 0 0}
2024-03-28T19:03:02.874+0800	info	/Users/data/gowork/src/imapi/internal/server/manager.go:179	CreateNoticeMsg &{2 0 0 0 0x1400022a570 0 0}
2024-03-28T19:03:08.429+0800	info	/Users/data/gowork/src/imapi/internal/server/manager.go:179	CreateNoticeMsg &{1 0 0 0 0x140002ee390 0 0}
2024-03-28T19:03:12.862+0800	info	/Users/data/gowork/src/imapi/internal/server/manager.go:179	CreateNoticeMsg &{2 0 0 0 0x140002ee4e0 0 0}
2024-03-28T19:03:18.424+0800	info	/Users/data/gowork/src/imapi/internal/server/manager.go:179	CreateNoticeMsg &{1 0 0 0 0x1400022a750 0 0}
2024-03-28T19:03:22.853+0800	info	/Users/data/gowork/src/imapi/internal/server/manager.go:179	CreateNoticeMsg &{2 0 0 0 0x1400022a930 0 0}
2024-03-28T19:03:28.420+0800	info	/Users/data/gowork/src/imapi/internal/server/manager.go:179	CreateNoticeMsg &{1 0 0 0 0x1400022aa80 0 0}
2024-03-28T19:03:32.854+0800	info	/Users/data/gowork/src/imapi/internal/server/manager.go:179	CreateNoticeMsg &{2 0 0 0 0x1400022ac60 0 0}
2024-03-28T19:03:38.421+0800	info	/Users/data/gowork/src/imapi/internal/server/manager.go:179	CreateNoticeMsg &{1 0 0 0 0x1400022aed0 0 0}
2024-03-28T19:03:42.855+0800	info	/Users/data/gowork/src/imapi/internal/server/manager.go:179	CreateNoticeMsg &{2 0 0 0 0x1400022b020 0 0}
2024-03-28T19:03:48.424+0800	info	/Users/data/gowork/src/imapi/internal/server/manager.go:179	CreateNoticeMsg &{1 0 0 0 0x140002ee630 0 0}
2024-03-28T19:03:52.853+0800	info	/Users/data/gowork/src/imapi/internal/server/manager.go:179	CreateNoticeMsg &{2 0 0 0 0x140002ee8d0 0 0}
2024-03-28T19:03:58.426+0800	info	/Users/data/gowork/src/imapi/internal/server/manager.go:179	CreateNoticeMsg &{1 0 0 0 0x140002eeba0 0 0}
2024-03-28T19:04:02.860+0800	info	/Users/data/gowork/src/imapi/internal/server/manager.go:179	CreateNoticeMsg &{2 0 0 0 0x1400022b2c0 0 0}
2024-03-28T19:04:08.421+0800	info	/Users/data/gowork/src/imapi/internal/server/manager.go:179	CreateNoticeMsg &{1 0 0 0 0x1400022bc20 0 0}
2024-03-28T19:04:12.854+0800	info	/Users/data/gowork/src/imapi/internal/server/manager.go:179	CreateNoticeMsg &{2 0 0 0 0x1400022bef0 0 0}
2024-03-28T19:04:18.427+0800	info	/Users/data/gowork/src/imapi/internal/server/manager.go:179	CreateNoticeMsg &{1 0 0 0 0x140002ee060 0 0}
2024-03-28T19:04:22.863+0800	info	/Users/data/gowork/src/imapi/internal/server/manager.go:179	CreateNoticeMsg &{2 0 0 0 0x140002ee1b0 0 0}
2024-03-28T19:04:28.422+0800	info	/Users/data/gowork/src/imapi/internal/server/manager.go:179	CreateNoticeMsg &{1 0 0 0 0x140001fc0f0 0 0}
2024-03-28T19:04:32.851+0800	info	/Users/data/gowork/src/imapi/internal/server/manager.go:179	CreateNoticeMsg &{2 0 0 0 0x140001fc3c0 0 0}
2024-03-28T19:04:38.422+0800	info	/Users/data/gowork/src/imapi/internal/server/manager.go:179	CreateNoticeMsg &{1 0 0 0 0x140002ee300 0 0}
2024-03-28T19:04:42.852+0800	info	/Users/data/gowork/src/imapi/internal/server/manager.go:179	CreateNoticeMsg &{2 0 0 0 0x140002ee4b0 0 0}
2024-03-28T19:04:48.928+0800	info	/Users/data/gowork/src/imapi/internal/server/manager.go:179	CreateNoticeMsg &{1 0 0 0 0x140001fc5a0 0 0}
2024-03-28T19:04:52.871+0800	info	/Users/data/gowork/src/imapi/internal/server/manager.go:179	CreateNoticeMsg &{2 0 0 0 0x140001fc780 0 0}
2024-03-28T19:04:58.859+0800	info	/Users/data/gowork/src/imapi/internal/server/manager.go:179	CreateNoticeMsg &{1 0 0 0 0x140001fc960 0 0}
2024-03-28T19:05:02.857+0800	info	/Users/data/gowork/src/imapi/internal/server/manager.go:179	CreateNoticeMsg &{2 0 0 0 0x140001fcb40 0 0}
2024-03-28T19:05:08.932+0800	info	/Users/data/gowork/src/imapi/internal/server/manager.go:179	CreateNoticeMsg &{1 0 0 0 0x140002ee600 0 0}
2024-03-28T19:05:12.849+0800	info	/Users/data/gowork/src/imapi/internal/server/manager.go:179	CreateNoticeMsg &{2 0 0 0 0x140001fce10 0 0}
2024-03-28T19:05:18.855+0800	info	/Users/data/gowork/src/imapi/internal/server/manager.go:179	CreateNoticeMsg &{1 0 0 0 0x140002ee840 0 0}
2024-03-28T19:05:22.858+0800	info	/Users/data/gowork/src/imapi/internal/server/manager.go:179	CreateNoticeMsg &{2 0 0 0 0x140001fd0e0 0 0}
2024-03-28T19:05:28.850+0800	info	/Users/data/gowork/src/imapi/internal/server/manager.go:179	CreateNoticeMsg &{1 0 0 0 0x140002eeb10 0 0}
2024-03-28T19:05:32.853+0800	info	/Users/data/gowork/src/imapi/internal/server/manager.go:179	CreateNoticeMsg &{2 0 0 0 0x140002eede0 0 0}
2024-03-28T19:05:38.875+0800	info	/Users/data/gowork/src/imapi/internal/server/manager.go:179	CreateNoticeMsg &{1 0 0 0 0x140001fd320 0 0}
2024-03-28T19:05:42.860+0800	info	/Users/data/gowork/src/imapi/internal/server/manager.go:179	CreateNoticeMsg &{2 0 0 0 0x140001fd560 0 0}
2024-03-28T19:05:52.854+0800	info	/Users/data/gowork/src/imapi/internal/server/manager.go:179	CreateNoticeMsg &{2 0 0 0 0x140002ef0b0 0 0}
2024-03-28T19:06:02.853+0800	info	/Users/data/gowork/src/imapi/internal/server/manager.go:179	CreateNoticeMsg &{2 0 0 0 0x140002ef380 0 0}
2024-03-28T19:06:05.974+0800	info	/Users/data/gowork/src/imapi/internal/server/chat.go:125	ReadData1 : read tcp [::1]:8081->[::1]:54635: use of closed network connection , &{0 0 0 0 <nil> 0 0}
2024-03-28T19:06:12.864+0800	info	/Users/data/gowork/src/imapi/internal/server/manager.go:179	CreateNoticeMsg &{2 0 0 0 0x140002efb00 0 0}
2024-03-28T19:06:22.856+0800	info	/Users/data/gowork/src/imapi/internal/server/manager.go:179	CreateNoticeMsg &{2 0 0 0 0x140002ee060 0 0}
2024-03-28T19:06:32.856+0800	info	/Users/data/gowork/src/imapi/internal/server/manager.go:179	CreateNoticeMsg &{2 0 0 0 0x140002ee240 0 0}
2024-03-28T19:06:42.855+0800	info	/Users/data/gowork/src/imapi/internal/server/manager.go:179	CreateNoticeMsg &{2 0 0 0 0x140001fc090 0 0}
2024-03-28T19:06:52.854+0800	info	/Users/data/gowork/src/imapi/internal/server/manager.go:179	CreateNoticeMsg &{2 0 0 0 0x140001fc3c0 0 0}
2024-03-28T19:07:02.855+0800	info	/Users/data/gowork/src/imapi/internal/server/manager.go:179	CreateNoticeMsg &{2 0 0 0 0x140002ee3c0 0 0}
2024-03-28T19:07:12.853+0800	info	/Users/data/gowork/src/imapi/internal/server/manager.go:179	CreateNoticeMsg &{2 0 0 0 0x140002ee540 0 0}
2024-03-28T19:07:22.852+0800	info	/Users/data/gowork/src/imapi/internal/server/manager.go:179	CreateNoticeMsg &{2 0 0 0 0x140002ee690 0 0}
2024-03-28T19:07:32.855+0800	info	/Users/data/gowork/src/imapi/internal/server/manager.go:179	CreateNoticeMsg &{2 0 0 0 0x140002ee960 0 0}
2024-03-28T19:07:42.854+0800	info	/Users/data/gowork/src/imapi/internal/server/manager.go:179	CreateNoticeMsg &{2 0 0 0 0x140002eec30 0 0}
2024-03-28T19:07:52.853+0800	info	/Users/data/gowork/src/imapi/internal/server/manager.go:179	CreateNoticeMsg &{2 0 0 0 0x140002eef00 0 0}
2024-03-28T19:08:02.852+0800	info	/Users/data/gowork/src/imapi/internal/server/manager.go:179	CreateNoticeMsg &{2 0 0 0 0x140002ef1d0 0 0}
2024-03-28T19:08:12.855+0800	info	/Users/data/gowork/src/imapi/internal/server/manager.go:179	CreateNoticeMsg &{2 0 0 0 0x140002ef410 0 0}
2024-03-28T19:08:22.857+0800	info	/Users/data/gowork/src/imapi/internal/server/manager.go:179	CreateNoticeMsg &{2 0 0 0 0x140002ee060 0 0}
2024-03-28T19:08:32.853+0800	info	/Users/data/gowork/src/imapi/internal/server/manager.go:179	CreateNoticeMsg &{2 0 0 0 0x140001fc090 0 0}
2024-03-28T19:08:42.854+0800	info	/Users/data/gowork/src/imapi/internal/server/manager.go:179	CreateNoticeMsg &{2 0 0 0 0x140001fc3c0 0 0}
2024-03-28T19:08:52.856+0800	info	/Users/data/gowork/src/imapi/internal/server/manager.go:179	CreateNoticeMsg &{2 0 0 0 0x140001fc5a0 0 0}
2024-03-28T19:09:02.854+0800	info	/Users/data/gowork/src/imapi/internal/server/manager.go:179	CreateNoticeMsg &{2 0 0 0 0x140002ee240 0 0}
2024-03-28T19:09:12.856+0800	info	/Users/data/gowork/src/imapi/internal/server/manager.go:179	CreateNoticeMsg &{2 0 0 0 0x140001fc780 0 0}
2024-03-28T19:09:22.856+0800	info	/Users/data/gowork/src/imapi/internal/server/manager.go:179	CreateNoticeMsg &{2 0 0 0 0x140001fc960 0 0}
2024-03-28T19:09:32.855+0800	info	/Users/data/gowork/src/imapi/internal/server/manager.go:179	CreateNoticeMsg &{2 0 0 0 0x140001fcb40 0 0}
2024-03-28T19:09:42.859+0800	info	/Users/data/gowork/src/imapi/internal/server/manager.go:179	CreateNoticeMsg &{2 0 0 0 0x140001fce10 0 0}
2024-03-28T19:09:52.857+0800	info	/Users/data/gowork/src/imapi/internal/server/manager.go:179	CreateNoticeMsg &{2 0 0 0 0x140001fd0e0 0 0}
2024-03-28T19:10:02.855+0800	info	/Users/data/gowork/src/imapi/internal/server/manager.go:179	CreateNoticeMsg &{2 0 0 0 0x140001fd320 0 0}
2024-03-28T19:10:12.854+0800	info	/Users/data/gowork/src/imapi/internal/server/manager.go:179	CreateNoticeMsg &{2 0 0 0 0x140001fd560 0 0}
2024-03-28T19:10:22.860+0800	info	/Users/data/gowork/src/imapi/internal/server/manager.go:179	CreateNoticeMsg &{2 0 0 0 0x140002ee060 0 0}
2024-03-28T19:10:32.853+0800	info	/Users/data/gowork/src/imapi/internal/server/manager.go:179	CreateNoticeMsg &{2 0 0 0 0x140002ee240 0 0}
2024-03-28T19:10:42.857+0800	info	/Users/data/gowork/src/imapi/internal/server/manager.go:179	CreateNoticeMsg &{2 0 0 0 0x140002ee3c0 0 0}
2024-03-28T19:10:52.854+0800	info	/Users/data/gowork/src/imapi/internal/server/manager.go:179	CreateNoticeMsg &{2 0 0 0 0x140001fc090 0 0}
2024-03-28T19:11:02.856+0800	info	/Users/data/gowork/src/imapi/internal/server/manager.go:179	CreateNoticeMsg &{2 0 0 0 0x140001fc3c0 0 0}
2024-03-28T19:11:12.855+0800	info	/Users/data/gowork/src/imapi/internal/server/manager.go:179	CreateNoticeMsg &{2 0 0 0 0x140001fc5a0 0 0}
2024-03-28T19:11:18.855+0800	info	/Users/data/gowork/src/imapi/internal/server/manager.go:179	CreateNoticeMsg &{1 0 0 0 0x14000514030 0 0}
2024-03-28T19:11:22.858+0800	info	/Users/data/gowork/src/imapi/internal/server/manager.go:179	CreateNoticeMsg &{2 0 0 0 0x140002ee9f0 0 0}
2024-03-28T19:11:28.853+0800	info	/Users/data/gowork/src/imapi/internal/server/manager.go:179	CreateNoticeMsg &{1 0 0 0 0x140005142d0 0 0}
2024-03-28T19:11:32.854+0800	info	/Users/data/gowork/src/imapi/internal/server/manager.go:179	CreateNoticeMsg &{2 0 0 0 0x140005145a0 0 0}
2024-03-28T19:11:38.881+0800	info	/Users/data/gowork/src/imapi/internal/server/manager.go:179	CreateNoticeMsg &{1 0 0 0 0x14000514810 0 0}
2024-03-28T19:11:42.857+0800	info	/Users/data/gowork/src/imapi/internal/server/manager.go:179	CreateNoticeMsg &{2 0 0 0 0x140002eed50 0 0}
2024-03-28T19:11:48.854+0800	info	/Users/data/gowork/src/imapi/internal/server/manager.go:179	CreateNoticeMsg &{1 0 0 0 0x14000514a50 0 0}
2024-03-28T19:11:52.860+0800	info	/Users/data/gowork/src/imapi/internal/server/manager.go:179	CreateNoticeMsg &{2 0 0 0 0x140002ef020 0 0}
2024-03-28T19:11:58.855+0800	info	/Users/data/gowork/src/imapi/internal/server/manager.go:179	CreateNoticeMsg &{1 0 0 0 0x140002ef2f0 0 0}
2024-03-28T19:12:02.857+0800	info	/Users/data/gowork/src/imapi/internal/server/manager.go:179	CreateNoticeMsg &{2 0 0 0 0x140002ef4a0 0 0}
2024-03-28T19:12:08.854+0800	info	/Users/data/gowork/src/imapi/internal/server/manager.go:179	CreateNoticeMsg &{1 0 0 0 0x14000514d20 0 0}
2024-03-28T19:12:12.862+0800	info	/Users/data/gowork/src/imapi/internal/server/manager.go:179	CreateNoticeMsg &{2 0 0 0 0x140002ef680 0 0}
2024-03-28T19:12:22.856+0800	info	/Users/data/gowork/src/imapi/internal/server/manager.go:179	CreateNoticeMsg &{2 0 0 0 0x1400022a120 0 0}
2024-03-28T19:12:32.894+0800	info	/Users/data/gowork/src/imapi/internal/server/manager.go:179	CreateNoticeMsg &{2 0 0 0 0x1400022a3f0 0 0}
2024-03-28T19:12:33.127+0800	info	/Users/data/gowork/src/imapi/internal/server/chat.go:125	ReadData1 : read tcp [::1]:8081->[::1]:60539: use of closed network connection , &{0 0 0 0 <nil> 0 0}
2024-03-28T19:12:42.861+0800	info	/Users/data/gowork/src/imapi/internal/server/manager.go:179	CreateNoticeMsg &{2 0 0 0 0x1400022a630 0 0}
2024-03-28T19:12:52.957+0800	info	/Users/data/gowork/src/imapi/internal/server/manager.go:179	CreateNoticeMsg &{2 0 0 0 0x1400022a810 0 0}
2024-03-28T19:13:02.858+0800	info	/Users/data/gowork/src/imapi/internal/server/manager.go:179	CreateNoticeMsg &{2 0 0 0 0x140002ee450 0 0}
2024-03-28T19:13:09.134+0800	info	/Users/data/gowork/src/imapi/internal/server/chat.go:125	ReadData1 : websocket: close 1006 (abnormal closure): unexpected EOF , &{0 0 0 0 <nil> 0 0}
2024-03-28T19:13:32.900+0800	info	/Users/data/gowork/src/imapi/internal/server/manager.go:179	CreateNoticeMsg &{2 0 0 0 0x140001fd320 0 0}
2024-03-28T19:13:42.958+0800	info	/Users/data/gowork/src/imapi/internal/server/manager.go:179	CreateNoticeMsg &{2 0 0 0 0x140001fd5f0 0 0}
2024-03-28T19:13:48.643+0800	info	/Users/data/gowork/src/imapi/internal/server/chat.go:125	ReadData1 : websocket: close 1006 (abnormal closure): unexpected EOF , &{0 0 0 0 <nil> 0 0}
2024-03-28T19:30:07.778+0800	info	/Users/data/gowork/src/imapi/internal/server/manager.go:179	CreateNoticeMsg &{2 0 0 0 0x1400022a870 0 0}
2024-03-28T19:30:17.773+0800	info	/Users/data/gowork/src/imapi/internal/server/manager.go:179	CreateNoticeMsg &{2 0 0 0 0x1400022aa50 0 0}
2024-03-28T19:30:27.777+0800	info	/Users/data/gowork/src/imapi/internal/server/manager.go:179	CreateNoticeMsg &{2 0 0 0 0x140005146c0 0 0}
2024-03-28T19:30:37.764+0800	info	/Users/data/gowork/src/imapi/internal/server/manager.go:179	CreateNoticeMsg &{2 0 0 0 0x1400022ac00 0 0}
2024-03-28T19:30:43.180+0800	info	/Users/data/gowork/src/imapi/internal/server/notice.go:13	invalid connection 
2024-03-28T19:30:46.908+0800	info	/Users/data/gowork/src/imapi/internal/server/manager.go:224	PushUnreadMessage invalid connection
2024-03-28T19:30:47.765+0800	info	/Users/data/gowork/src/imapi/internal/server/manager.go:179	CreateNoticeMsg &{2 0 0 0 0x1400022ade0 0 0}
2024-03-28T19:30:57.772+0800	info	/Users/data/gowork/src/imapi/internal/server/manager.go:179	CreateNoticeMsg &{2 0 0 0 0x140006029c0 0 0}
2024-03-28T19:31:07.764+0800	info	/Users/data/gowork/src/imapi/internal/server/manager.go:179	CreateNoticeMsg &{2 0 0 0 0x14000602d20 0 0}
2024-03-28T19:31:17.772+0800	info	/Users/data/gowork/src/imapi/internal/server/manager.go:179	CreateNoticeMsg &{2 0 0 0 0x1400022aff0 0 0}
2024-03-28T19:31:27.766+0800	info	/Users/data/gowork/src/imapi/internal/server/manager.go:179	CreateNoticeMsg &{2 0 0 0 0x1400022b260 0 0}
2024-03-28T19:31:38.219+0800	info	/Users/data/gowork/src/imapi/internal/server/manager.go:179	CreateNoticeMsg &{2 0 0 0 0x14000602fc0 0 0}
2024-03-28T19:31:47.799+0800	info	/Users/data/gowork/src/imapi/internal/server/manager.go:179	CreateNoticeMsg &{2 0 0 0 0x14000602150 0 0}
2024-03-28T19:31:57.779+0800	info	/Users/data/gowork/src/imapi/internal/server/manager.go:179	CreateNoticeMsg &{2 0 0 0 0x140002ee0f0 0 0}
2024-03-28T19:32:07.777+0800	info	/Users/data/gowork/src/imapi/internal/server/manager.go:179	CreateNoticeMsg &{2 0 0 0 0x14000602420 0 0}
2024-03-28T19:32:17.769+0800	info	/Users/data/gowork/src/imapi/internal/server/manager.go:179	CreateNoticeMsg &{2 0 0 0 0x140006026f0 0 0}
2024-03-28T19:32:27.773+0800	info	/Users/data/gowork/src/imapi/internal/server/manager.go:179	CreateNoticeMsg &{2 0 0 0 0x140002ee270 0 0}
2024-03-28T19:32:37.766+0800	info	/Users/data/gowork/src/imapi/internal/server/manager.go:179	CreateNoticeMsg &{2 0 0 0 0x140002ee420 0 0}
2024-03-28T19:32:47.768+0800	info	/Users/data/gowork/src/imapi/internal/server/manager.go:179	CreateNoticeMsg &{2 0 0 0 0x140006029c0 0 0}
2024-03-28T19:32:57.768+0800	info	/Users/data/gowork/src/imapi/internal/server/manager.go:179	CreateNoticeMsg &{2 0 0 0 0x140002ee600 0 0}
2024-03-28T19:33:07.773+0800	info	/Users/data/gowork/src/imapi/internal/server/manager.go:179	CreateNoticeMsg &{2 0 0 0 0x140002ee840 0 0}
2024-03-28T19:33:17.769+0800	info	/Users/data/gowork/src/imapi/internal/server/manager.go:179	CreateNoticeMsg &{2 0 0 0 0x14000602d20 0 0}
2024-03-28T19:33:27.770+0800	info	/Users/data/gowork/src/imapi/internal/server/manager.go:179	CreateNoticeMsg &{2 0 0 0 0x140002eeb10 0 0}
2024-03-28T19:33:37.771+0800	info	/Users/data/gowork/src/imapi/internal/server/manager.go:179	CreateNoticeMsg &{2 0 0 0 0x14000602fc0 0 0}
2024-03-28T19:33:47.771+0800	info	/Users/data/gowork/src/imapi/internal/server/manager.go:179	CreateNoticeMsg &{2 0 0 0 0x14000602150 0 0}
2024-03-28T19:33:57.770+0800	info	/Users/data/gowork/src/imapi/internal/server/manager.go:179	CreateNoticeMsg &{2 0 0 0 0x140006024b0 0 0}
2024-03-28T19:34:07.773+0800	info	/Users/data/gowork/src/imapi/internal/server/manager.go:179	CreateNoticeMsg &{2 0 0 0 0x140002ee0f0 0 0}
2024-03-28T19:34:17.769+0800	info	/Users/data/gowork/src/imapi/internal/server/manager.go:179	CreateNoticeMsg &{2 0 0 0 0x14000602810 0 0}
2024-03-28T19:34:27.770+0800	info	/Users/data/gowork/src/imapi/internal/server/manager.go:179	CreateNoticeMsg &{2 0 0 0 0x14000602ae0 0 0}
2024-03-28T19:34:37.772+0800	info	/Users/data/gowork/src/imapi/internal/server/manager.go:179	CreateNoticeMsg &{2 0 0 0 0x14000602db0 0 0}
2024-03-28T19:34:45.717+0800	info	/Users/data/gowork/src/imapi/internal/server/chat.go:125	ReadData1 : websocket: close 1006 (abnormal closure): unexpected EOF , &{0 0 0 0 <nil> 0 0}
2024-03-29T09:35:31.475+0800	info	/Users/data/gowork/src/imapi/internal/server/manager.go:179	CreateNoticeMsg &{2 0 0 0 0x140001fcc60 0 0}
2024-03-29T09:35:32.484+0800	info	/Users/data/gowork/src/imapi/internal/server/manager.go:179	CreateNoticeMsg &{2 0 0 0 0x140002ee240 0 0}
2024-03-29T09:35:42.464+0800	info	/Users/data/gowork/src/imapi/internal/server/manager.go:179	CreateNoticeMsg &{2 0 0 0 0x1400022a000 0 0}
2024-03-29T09:35:52.450+0800	info	/Users/data/gowork/src/imapi/internal/server/manager.go:179	CreateNoticeMsg &{2 0 0 0 0x140002ee420 0 0}
2024-03-29T09:36:02.446+0800	info	/Users/data/gowork/src/imapi/internal/server/manager.go:179	CreateNoticeMsg &{2 0 0 0 0x140002ee600 0 0}
2024-03-29T09:36:12.452+0800	info	/Users/data/gowork/src/imapi/internal/server/manager.go:179	CreateNoticeMsg &{2 0 0 0 0x140002ee840 0 0}
2024-03-29T09:36:22.446+0800	info	/Users/data/gowork/src/imapi/internal/server/manager.go:179	CreateNoticeMsg &{2 0 0 0 0x1400022a300 0 0}
2024-03-29T09:36:32.454+0800	info	/Users/data/gowork/src/imapi/internal/server/manager.go:179	CreateNoticeMsg &{2 0 0 0 0x1400022a510 0 0}
2024-03-29T09:36:42.447+0800	info	/Users/data/gowork/src/imapi/internal/server/manager.go:179	CreateNoticeMsg &{2 0 0 0 0x1400022a6f0 0 0}
2024-03-29T09:36:52.444+0800	info	/Users/data/gowork/src/imapi/internal/server/manager.go:179	CreateNoticeMsg &{2 0 0 0 0x140002eeb10 0 0}
2024-03-29T09:37:02.446+0800	info	/Users/data/gowork/src/imapi/internal/server/manager.go:179	CreateNoticeMsg &{2 0 0 0 0x140002ee180 0 0}
2024-03-29T09:37:12.544+0800	info	/Users/data/gowork/src/imapi/internal/server/manager.go:179	CreateNoticeMsg &{2 0 0 0 0x1400022a060 0 0}
2024-03-29T09:37:22.446+0800	info	/Users/data/gowork/src/imapi/internal/server/manager.go:179	CreateNoticeMsg &{2 0 0 0 0x1400022a300 0 0}
2024-03-29T09:37:32.445+0800	info	/Users/data/gowork/src/imapi/internal/server/manager.go:179	CreateNoticeMsg &{2 0 0 0 0x140002ee390 0 0}
2024-03-29T09:37:42.447+0800	info	/Users/data/gowork/src/imapi/internal/server/manager.go:179	CreateNoticeMsg &{2 0 0 0 0x140002ee570 0 0}
2024-03-29T09:37:52.451+0800	info	/Users/data/gowork/src/imapi/internal/server/manager.go:179	CreateNoticeMsg &{2 0 0 0 0x140002ee720 0 0}
2024-03-29T09:38:02.445+0800	info	/Users/data/gowork/src/imapi/internal/server/manager.go:179	CreateNoticeMsg &{2 0 0 0 0x1400022a510 0 0}
2024-03-29T09:38:12.449+0800	info	/Users/data/gowork/src/imapi/internal/server/manager.go:179	CreateNoticeMsg &{2 0 0 0 0x140002ee9f0 0 0}
2024-03-29T09:38:22.454+0800	info	/Users/data/gowork/src/imapi/internal/server/manager.go:179	CreateNoticeMsg &{2 0 0 0 0x140002eed50 0 0}
2024-03-29T09:38:32.447+0800	info	/Users/data/gowork/src/imapi/internal/server/manager.go:179	CreateNoticeMsg &{2 0 0 0 0x140002ef140 0 0}
2024-03-29T09:38:42.445+0800	info	/Users/data/gowork/src/imapi/internal/server/manager.go:179	CreateNoticeMsg &{2 0 0 0 0x1400022a6f0 0 0}
2024-03-29T09:38:52.448+0800	info	/Users/data/gowork/src/imapi/internal/server/manager.go:179	CreateNoticeMsg &{2 0 0 0 0x1400022a8d0 0 0}
2024-03-29T09:39:02.444+0800	info	/Users/data/gowork/src/imapi/internal/server/manager.go:179	CreateNoticeMsg &{2 0 0 0 0x140002ee180 0 0}
2024-03-29T09:39:12.444+0800	info	/Users/data/gowork/src/imapi/internal/server/manager.go:179	CreateNoticeMsg &{2 0 0 0 0x140002ee390 0 0}
2024-03-29T09:39:13.222+0800	info	/Users/data/gowork/src/imapi/internal/server/chat.go:125	ReadData1 : websocket: close 1006 (abnormal closure): unexpected EOF , &{0 0 0 0 <nil> 0 0}
2024-03-29T09:39:13.448+0800	info	/Users/data/gowork/src/imapi/internal/server/manager.go:179	CreateNoticeMsg &{2 1 3 12 0x140002eee70 0 0}
2024-03-29T09:39:13.449+0800	info	/Users/data/gowork/src/imapi/internal/server/chat.go:201	SendNoticeMsg: &{2 1 3 12 0x140002eee70 1711676353 0} 
2024-03-29T09:39:13.449+0800	info	/Users/data/gowork/src/imapi/internal/server/chat.go:177	sendMsg: &{2 1 3 12 0x140002eee70 1711676353 0} 
2024-03-29T09:48:34.680+0800	info	/Users/data/gowork/src/imapi/internal/server/manager.go:179	CreateNoticeMsg &{2 0 0 0 0x14000602fc0 0 0}
2024-03-29T09:48:44.686+0800	info	/Users/data/gowork/src/imapi/internal/server/manager.go:179	CreateNoticeMsg &{2 0 0 0 0x140001fc3c0 0 0}
2024-03-29T09:48:49.927+0800	info	/Users/data/gowork/src/imapi/internal/server/manager.go:224	PushUnreadMessage invalid connection
2024-03-29T09:48:54.672+0800	info	/Users/data/gowork/src/imapi/internal/server/manager.go:179	CreateNoticeMsg &{2 0 0 0 0x140005148a0 0 0}
2024-03-29T09:49:04.671+0800	info	/Users/data/gowork/src/imapi/internal/server/manager.go:179	CreateNoticeMsg &{2 0 0 0 0x14000473620 0 0}
2024-03-29T09:49:10.490+0800	info	/Users/data/gowork/src/imapi/internal/server/notice.go:13	invalid connection 
2024-03-29T09:49:14.540+0800	info	/Users/data/gowork/src/imapi/internal/server/manager.go:179	CreateNoticeMsg &{2 0 0 0 0x14000126630 0 0}
2024-03-29T09:49:19.140+0800	info	/Users/data/gowork/src/imapi/internal/server/chat.go:125	ReadData1 : websocket: close 1001 (going away) , &{0 0 0 0 <nil> 0 0}
2024-03-29T09:49:19.227+0800	info	/Users/data/gowork/src/imapi/internal/server/manager.go:179	CreateNoticeMsg &{2 1 3 12 0x14000515380 0 0}
2024-03-29T09:49:19.227+0800	info	/Users/data/gowork/src/imapi/internal/server/chat.go:201	SendNoticeMsg: &{2 1 3 12 0x14000515380 1711676959 0} 
2024-03-29T09:49:19.228+0800	info	/Users/data/gowork/src/imapi/internal/server/chat.go:177	sendMsg: &{2 1 3 12 0x14000515380 1711676959 0} 
2024-03-29T09:49:19.985+0800	info	/Users/data/gowork/src/imapi/internal/server/manager.go:179	CreateNoticeMsg &{2 1 3 11 0x140001c6000 0 0}
2024-03-29T09:49:20.012+0800	info	/Users/data/gowork/src/imapi/internal/server/chat.go:201	SendNoticeMsg: &{2 1 3 11 0x140001c6000 1711676960 0} 
2024-03-29T09:49:20.012+0800	info	/Users/data/gowork/src/imapi/internal/server/chat.go:177	sendMsg: &{2 1 3 11 0x140001c6000 1711676960 0} 
2024-03-29T09:49:30.207+0800	info	/Users/data/gowork/src/imapi/internal/server/manager.go:179	CreateNoticeMsg &{2 0 0 0 0x14000452450 0 0}
2024-03-29T09:49:40.300+0800	info	/Users/data/gowork/src/imapi/internal/server/manager.go:179	CreateNoticeMsg &{2 0 0 0 0x140000f6300 0 0}
2024-03-29T09:49:50.111+0800	info	/Users/data/gowork/src/imapi/internal/server/manager.go:179	CreateNoticeMsg &{2 0 0 0 0x140000f63f0 0 0}
2024-03-29T09:50:03.951+0800	info	/Users/data/gowork/src/imapi/internal/server/manager.go:179	CreateNoticeMsg &{2 0 0 0 0x1400022a0c0 0 0}
2024-03-29T09:50:12.430+0800	info	/Users/data/gowork/src/imapi/internal/server/manager.go:179	CreateNoticeMsg &{2 0 0 0 0x1400022a390 0 0}
2024-03-29T09:50:22.529+0800	info	/Users/data/gowork/src/imapi/internal/server/manager.go:179	CreateNoticeMsg &{2 0 0 0 0x1400022a570 0 0}
2024-03-29T09:50:29.880+0800	info	/Users/data/gowork/src/imapi/internal/server/manager.go:179	CreateNoticeMsg &{2 0 0 0 0x140000f6060 0 0}
2024-03-29T09:50:44.541+0800	info	/Users/data/gowork/src/imapi/internal/server/manager.go:179	CreateNoticeMsg &{2 0 0 0 0x1400022a750 0 0}
2024-03-29T09:50:51.963+0800	info	/Users/data/gowork/src/imapi/internal/server/manager.go:179	CreateNoticeMsg &{2 0 0 0 0x140000f61b0 0 0}
2024-03-29T09:51:03.502+0800	info	/Users/data/gowork/src/imapi/internal/server/manager.go:179	CreateNoticeMsg &{2 0 0 0 0x1400022a930 0 0}
2024-03-29T09:51:12.734+0800	info	/Users/data/gowork/src/imapi/internal/server/manager.go:179	CreateNoticeMsg &{2 0 0 0 0x1400022aa80 0 0}
2024-03-29T09:51:21.394+0800	info	/Users/data/gowork/src/imapi/internal/server/manager.go:179	CreateNoticeMsg &{2 0 0 0 0x1400022ac60 0 0}
2024-03-29T09:51:32.930+0800	info	/Users/data/gowork/src/imapi/internal/server/manager.go:179	CreateNoticeMsg &{2 0 0 0 0x140000f62a0 0 0}
2024-03-29T09:51:41.104+0800	info	/Users/data/gowork/src/imapi/internal/server/manager.go:179	CreateNoticeMsg &{2 0 0 0 0x1400022aed0 0 0}
2024-03-29T09:51:53.932+0800	info	/Users/data/gowork/src/imapi/internal/server/manager.go:179	CreateNoticeMsg &{2 0 0 0 0x140000f6060 0 0}
2024-03-29T09:52:01.393+0800	info	/Users/data/gowork/src/imapi/internal/server/manager.go:179	CreateNoticeMsg &{2 0 0 0 0x140001fc090 0 0}
2024-03-29T09:52:10.729+0800	info	/Users/data/gowork/src/imapi/internal/server/manager.go:179	CreateNoticeMsg &{2 0 0 0 0x140001fc420 0 0}
2024-03-29T09:52:21.418+0800	info	/Users/data/gowork/src/imapi/internal/server/manager.go:179	CreateNoticeMsg &{2 0 0 0 0x140001fc600 0 0}
2024-03-29T09:52:31.146+0800	info	/Users/data/gowork/src/imapi/internal/server/manager.go:179	CreateNoticeMsg &{2 0 0 0 0x1400022a0c0 0 0}
2024-03-29T09:52:41.414+0800	info	/Users/data/gowork/src/imapi/internal/server/manager.go:179	CreateNoticeMsg &{2 0 0 0 0x1400022a3f0 0 0}
2024-03-29T09:52:53.616+0800	info	/Users/data/gowork/src/imapi/internal/server/manager.go:179	CreateNoticeMsg &{2 0 0 0 0x140001fc7e0 0 0}
2024-03-29T09:53:00.332+0800	info	/Users/data/gowork/src/imapi/internal/server/manager.go:179	CreateNoticeMsg &{2 0 0 0 0x1400022a5d0 0 0}
2024-03-29T09:53:14.312+0800	info	/Users/data/gowork/src/imapi/internal/server/manager.go:179	CreateNoticeMsg &{2 0 0 0 0x1400022a7b0 0 0}
2024-03-29T09:53:21.442+0800	info	/Users/data/gowork/src/imapi/internal/server/manager.go:179	CreateNoticeMsg &{2 0 0 0 0x1400022a960 0 0}
2024-03-29T09:53:33.261+0800	info	/Users/data/gowork/src/imapi/internal/server/manager.go:179	CreateNoticeMsg &{2 0 0 0 0x140001fc9c0 0 0}
2024-03-29T09:53:42.853+0800	info	/Users/data/gowork/src/imapi/internal/server/manager.go:179	CreateNoticeMsg &{2 0 0 0 0x140001fcbd0 0 0}
2024-03-29T09:53:50.962+0800	info	/Users/data/gowork/src/imapi/internal/server/manager.go:179	CreateNoticeMsg &{2 0 0 0 0x140001fcea0 0 0}
2024-03-29T09:54:03.998+0800	info	/Users/data/gowork/src/imapi/internal/server/manager.go:179	CreateNoticeMsg &{2 0 0 0 0x1400022a060 0 0}
2024-03-29T09:54:11.004+0800	info	/Users/data/gowork/src/imapi/internal/server/manager.go:179	CreateNoticeMsg &{2 0 0 0 0x1400022a390 0 0}
2024-03-29T09:54:20.215+0800	info	/Users/data/gowork/src/imapi/internal/server/manager.go:179	CreateNoticeMsg &{2 0 0 0 0x140000f6060 0 0}
2024-03-29T09:54:45.480+0800	info	/Users/data/gowork/src/imapi/internal/server/chat.go:125	ReadData1 : read tcp [::1]:8081->[::1]:58517: use of closed network connection , &{0 0 0 0 <nil> 0 0}
2024-03-29T09:54:45.554+0800	info	/Users/data/gowork/src/imapi/internal/server/manager.go:179	CreateNoticeMsg &{2 1 3 12 0x1400022ab10 0 0}
2024-03-29T09:54:45.554+0800	info	/Users/data/gowork/src/imapi/internal/server/chat.go:201	SendNoticeMsg: &{2 1 3 12 0x1400022ab10 1711677285 0} 
2024-03-29T09:54:45.554+0800	info	/Users/data/gowork/src/imapi/internal/server/chat.go:177	sendMsg: &{2 1 3 12 0x1400022ab10 1711677285 0} 
2024-03-29T09:54:45.561+0800	info	/Users/data/gowork/src/imapi/internal/server/manager.go:179	CreateNoticeMsg &{2 1 3 12 0x1400022af60 0 0}
2024-03-29T09:54:45.562+0800	info	/Users/data/gowork/src/imapi/internal/server/chat.go:201	SendNoticeMsg: &{2 1 3 12 0x1400022af60 1711677285 0} 
2024-03-29T09:54:45.562+0800	info	/Users/data/gowork/src/imapi/internal/server/chat.go:177	sendMsg: &{2 1 3 12 0x1400022af60 1711677285 0} 
2024-03-29T09:54:56.541+0800	info	/Users/data/gowork/src/imapi/internal/server/manager.go:179	CreateNoticeMsg &{2 1 3 11 0x140000f6660 0 0}
2024-03-29T09:54:56.541+0800	info	/Users/data/gowork/src/imapi/internal/server/chat.go:201	SendNoticeMsg: &{2 1 3 11 0x140000f6660 1711677296 0} 
2024-03-29T09:54:56.541+0800	info	/Users/data/gowork/src/imapi/internal/server/chat.go:177	sendMsg: &{2 1 3 11 0x140000f6660 1711677296 0} 
2024-03-29T09:55:17.913+0800	info	/Users/data/gowork/src/imapi/internal/server/manager.go:179	CreateNoticeMsg &{2 0 0 0 0x140001fca80 0 0}
2024-03-29T09:55:42.499+0800	info	/Users/data/gowork/src/imapi/internal/server/chat.go:125	ReadData1 : read tcp [::1]:8081->[::1]:62027: use of closed network connection , &{0 0 0 0 <nil> 0 0}
2024-03-29T09:55:42.569+0800	info	/Users/data/gowork/src/imapi/internal/server/manager.go:179	CreateNoticeMsg &{2 1 3 12 0x140001fd170 0 0}
2024-03-29T09:55:42.569+0800	info	/Users/data/gowork/src/imapi/internal/server/chat.go:201	SendNoticeMsg: &{2 1 3 12 0x140001fd170 1711677342 0} 
2024-03-29T09:55:42.569+0800	info	/Users/data/gowork/src/imapi/internal/server/chat.go:177	sendMsg: &{2 1 3 12 0x140001fd170 1711677342 0} 
2024-03-29T09:55:42.580+0800	info	/Users/data/gowork/src/imapi/internal/server/manager.go:179	CreateNoticeMsg &{2 1 3 12 0x140001fd5f0 0 0}
2024-03-29T09:55:42.580+0800	info	/Users/data/gowork/src/imapi/internal/server/chat.go:201	SendNoticeMsg: &{2 1 3 12 0x140001fd5f0 1711677342 0} 
2024-03-29T09:55:42.580+0800	info	/Users/data/gowork/src/imapi/internal/server/chat.go:177	sendMsg: &{2 1 3 12 0x140001fd5f0 1711677342 0} 
2024-03-29T10:21:25.678+0800	info	/Users/data/gowork/src/imapi/internal/server/chat.go:125	ReadData1 : read tcp [::1]:8081->[::1]:62032: read: connection reset by peer , &{0 0 0 0 <nil> 0 0}
2024-03-29T10:21:25.755+0800	info	/Users/data/gowork/src/imapi/internal/server/manager.go:179	CreateNoticeMsg &{1 2 3 12 0x140000f63f0 0 0}
2024-03-29T10:21:25.756+0800	info	/Users/data/gowork/src/imapi/internal/server/chat.go:201	SendNoticeMsg: &{1 2 3 12 0x140000f63f0 1711678885 0} 
2024-03-29T10:21:25.756+0800	info	/Users/data/gowork/src/imapi/internal/server/chat.go:177	sendMsg: &{1 2 3 12 0x140000f63f0 1711678885 0} 
2024-03-29T10:21:25.762+0800	info	/Users/data/gowork/src/imapi/internal/server/manager.go:179	CreateNoticeMsg &{1 2 3 11 0x140000f6600 0 0}
2024-03-29T10:21:25.762+0800	info	/Users/data/gowork/src/imapi/internal/server/chat.go:201	SendNoticeMsg: &{1 2 3 11 0x140000f6600 1711678885 0} 
2024-03-29T10:21:25.762+0800	info	/Users/data/gowork/src/imapi/internal/server/chat.go:177	sendMsg: &{1 2 3 11 0x140000f6600 1711678885 0} 
2024-03-29T10:21:25.950+0800	info	/Users/data/gowork/src/imapi/internal/server/manager.go:179	CreateNoticeMsg &{2 1 3 22 0x14000514630 1711676254 0}
2024-03-29T10:21:26.230+0800	info	/Users/data/gowork/src/imapi/internal/server/manager.go:131	count 1 StoreRedis 
2024-03-29T10:21:26.231+0800	info	/Users/data/gowork/src/imapi/internal/server/chat.go:201	SendNoticeMsg: &{2 1 3 22 0x14000514630 1711678885 0} 
2024-03-29T10:21:26.231+0800	info	/Users/data/gowork/src/imapi/internal/server/chat.go:177	sendMsg: &{2 1 3 22 0x14000514630 1711678885 0} 
2024-03-29T10:21:26.299+0800	info	/Users/data/gowork/src/imapi/internal/server/manager.go:174	count 1 StoreUnreadMessage unread_msg_1
2024-03-29T10:21:26.361+0800	info	/Users/data/gowork/src/imapi/internal/server/manager.go:179	CreateNoticeMsg &{1 2 3 11 0x140002ee2d0 0 0}
2024-03-29T10:21:26.361+0800	info	/Users/data/gowork/src/imapi/internal/server/chat.go:201	SendNoticeMsg: &{1 2 3 11 0x140002ee2d0 1711678886 0} 
2024-03-29T10:21:26.361+0800	info	/Users/data/gowork/src/imapi/internal/server/chat.go:177	sendMsg: &{1 2 3 11 0x140002ee2d0 1711678886 0} 
2024-03-29T10:21:26.593+0800	info	/Users/data/gowork/src/imapi/internal/server/manager.go:179	CreateNoticeMsg &{2 1 3 22 0x140000f70b0 1711678885 0}
2024-03-29T10:21:26.732+0800	info	/Users/data/gowork/src/imapi/internal/server/manager.go:131	count 1 StoreRedis 
2024-03-29T10:21:26.733+0800	info	/Users/data/gowork/src/imapi/internal/server/chat.go:201	SendNoticeMsg: &{2 1 3 22 0x140000f70b0 1711678886 0} 
2024-03-29T10:21:26.733+0800	info	/Users/data/gowork/src/imapi/internal/server/chat.go:177	sendMsg: &{2 1 3 22 0x140000f70b0 1711678886 0} 
2024-03-29T10:21:26.733+0800	info	/Users/data/gowork/src/imapi/internal/server/chat.go:141	WriteData内容 &{2 1 3 22 0x140000f70b0 1711678886 0} 
2024-03-29T10:21:36.219+0800	info	/Users/data/gowork/src/imapi/internal/server/manager.go:179	CreateNoticeMsg &{1 0 0 0 0x140002ee180 0 0}
2024-03-29T10:21:46.217+0800	info	/Users/data/gowork/src/imapi/internal/server/manager.go:179	CreateNoticeMsg &{1 0 0 0 0x14000602b70 0 0}
2024-03-29T10:21:56.218+0800	info	/Users/data/gowork/src/imapi/internal/server/manager.go:179	CreateNoticeMsg &{1 0 0 0 0x140002ee3c0 0 0}
2024-03-29T10:22:05.814+0800	info	/Users/data/gowork/src/imapi/internal/server/chat.go:125	ReadData1 : websocket: close 1001 (going away) , &{0 0 0 0 <nil> 0 0}
2024-03-29T10:22:05.928+0800	info	/Users/data/gowork/src/imapi/internal/server/manager.go:179	CreateNoticeMsg &{1 2 3 12 0x1400022a6f0 0 0}
2024-03-29T10:22:05.929+0800	info	/Users/data/gowork/src/imapi/internal/server/chat.go:201	SendNoticeMsg: &{1 2 3 12 0x1400022a6f0 1711678925 0} 
2024-03-29T10:22:05.929+0800	info	/Users/data/gowork/src/imapi/internal/server/chat.go:177	sendMsg: &{1 2 3 12 0x1400022a6f0 1711678925 0} 
2024-03-29T10:22:06.294+0800	info	/Users/data/gowork/src/imapi/internal/server/manager.go:179	CreateNoticeMsg &{1 2 3 11 0x140000f6870 0 0}
2024-03-29T10:22:06.294+0800	info	/Users/data/gowork/src/imapi/internal/server/chat.go:201	SendNoticeMsg: &{1 2 3 11 0x140000f6870 1711678926 0} 
2024-03-29T10:22:06.294+0800	info	/Users/data/gowork/src/imapi/internal/server/chat.go:177	sendMsg: &{1 2 3 11 0x140000f6870 1711678926 0} 
2024-03-29T10:22:16.182+0800	info	/Users/data/gowork/src/imapi/internal/server/manager.go:179	CreateNoticeMsg &{1 0 0 0 0x140000f7020 0 0}
2024-03-29T10:22:26.184+0800	info	/Users/data/gowork/src/imapi/internal/server/manager.go:179	CreateNoticeMsg &{1 0 0 0 0x140001fd3e0 0 0}
2024-03-29T10:22:36.643+0800	info	/Users/data/gowork/src/imapi/internal/server/manager.go:179	CreateNoticeMsg &{1 0 0 0 0x140001fd650 0 0}
2024-03-29T10:22:46.182+0800	info	/Users/data/gowork/src/imapi/internal/server/manager.go:179	CreateNoticeMsg &{1 0 0 0 0x140000f7170 0 0}
2024-03-29T10:22:56.181+0800	info	/Users/data/gowork/src/imapi/internal/server/manager.go:179	CreateNoticeMsg &{1 0 0 0 0x140001fdd40 0 0}
2024-03-29T10:23:06.180+0800	info	/Users/data/gowork/src/imapi/internal/server/manager.go:179	CreateNoticeMsg &{1 0 0 0 0x140000f7260 0 0}
2024-03-29T10:23:16.182+0800	info	/Users/data/gowork/src/imapi/internal/server/manager.go:179	CreateNoticeMsg &{1 0 0 0 0x140000f7350 0 0}
2024-03-29T10:23:26.649+0800	info	/Users/data/gowork/src/imapi/internal/server/manager.go:179	CreateNoticeMsg &{1 0 0 0 0x140001fdf80 0 0}
2024-03-29T10:23:36.643+0800	info	/Users/data/gowork/src/imapi/internal/server/manager.go:179	CreateNoticeMsg &{1 0 0 0 0x1400022a060 0 0}
2024-03-29T10:23:46.647+0800	info	/Users/data/gowork/src/imapi/internal/server/manager.go:179	CreateNoticeMsg &{1 0 0 0 0x140004736b0 0 0}
2024-03-29T10:23:56.637+0800	info	/Users/data/gowork/src/imapi/internal/server/manager.go:179	CreateNoticeMsg &{1 0 0 0 0x1400022a390 0 0}
2024-03-29T10:24:06.640+0800	info	/Users/data/gowork/src/imapi/internal/server/manager.go:179	CreateNoticeMsg &{1 0 0 0 0x14000578120 0 0}
2024-03-29T10:24:16.637+0800	info	/Users/data/gowork/src/imapi/internal/server/manager.go:179	CreateNoticeMsg &{1 0 0 0 0x1400022a630 0 0}
2024-03-29T10:24:43.094+0800	info	/Users/data/gowork/src/imapi/internal/server/chat.go:125	ReadData1 : read tcp [::1]:8081->[::1]:62315: use of closed network connection , &{0 0 0 0 <nil> 0 0}
2024-03-29T10:24:43.171+0800	info	/Users/data/gowork/src/imapi/internal/server/manager.go:179	CreateNoticeMsg &{1 2 3 12 0x140005791d0 0 0}
2024-03-29T10:24:43.172+0800	info	/Users/data/gowork/src/imapi/internal/server/manager.go:179	CreateNoticeMsg &{1 2 3 12 0x140000f64b0 0 0}
2024-03-29T10:24:43.172+0800	info	/Users/data/gowork/src/imapi/internal/server/chat.go:201	SendNoticeMsg: &{1 2 3 12 0x140005791d0 1711679083 0} 
2024-03-29T10:24:43.172+0800	info	/Users/data/gowork/src/imapi/internal/server/chat.go:177	sendMsg: &{1 2 3 12 0x140005791d0 1711679083 0} 
2024-03-29T10:24:43.172+0800	info	/Users/data/gowork/src/imapi/internal/server/chat.go:201	SendNoticeMsg: &{1 2 3 12 0x140000f64b0 1711679083 0} 
2024-03-29T10:24:43.172+0800	info	/Users/data/gowork/src/imapi/internal/server/chat.go:177	sendMsg: &{1 2 3 12 0x140000f64b0 1711679083 0} 
2024-03-29T10:24:48.774+0800	info	/Users/data/gowork/src/imapi/internal/server/manager.go:179	CreateNoticeMsg &{1 2 3 11 0x140000f68a0 0 0}
2024-03-29T10:24:48.775+0800	info	/Users/data/gowork/src/imapi/internal/server/chat.go:201	SendNoticeMsg: &{1 2 3 11 0x140000f68a0 1711679088 0} 
2024-03-29T10:24:48.775+0800	info	/Users/data/gowork/src/imapi/internal/server/chat.go:177	sendMsg: &{1 2 3 11 0x140000f68a0 1711679088 0} 
2024-03-29T10:25:10.647+0800	info	/Users/data/gowork/src/imapi/internal/server/manager.go:179	CreateNoticeMsg &{1 0 0 0 0x140006028a0 0 0}
2024-03-29T10:25:37.118+0800	info	/Users/data/gowork/src/imapi/internal/server/chat.go:125	ReadData1 : read tcp [::1]:8081->[::1]:63494: use of closed network connection , &{0 0 0 0 <nil> 0 0}
2024-03-29T10:25:37.179+0800	info	/Users/data/gowork/src/imapi/internal/server/manager.go:179	CreateNoticeMsg &{1 2 3 12 0x14000602420 0 0}
2024-03-29T10:25:37.179+0800	info	/Users/data/gowork/src/imapi/internal/server/chat.go:201	SendNoticeMsg: &{1 2 3 12 0x14000602420 1711679137 0} 
2024-03-29T10:25:37.179+0800	info	/Users/data/gowork/src/imapi/internal/server/chat.go:177	sendMsg: &{1 2 3 12 0x14000602420 1711679137 0} 
2024-03-29T10:25:37.182+0800	info	/Users/data/gowork/src/imapi/internal/server/manager.go:179	CreateNoticeMsg &{1 2 3 12 0x14000602b70 0 0}
2024-03-29T10:25:37.182+0800	info	/Users/data/gowork/src/imapi/internal/server/chat.go:201	SendNoticeMsg: &{1 2 3 12 0x14000602b70 1711679137 0} 
2024-03-29T10:25:37.182+0800	info	/Users/data/gowork/src/imapi/internal/server/chat.go:177	sendMsg: &{1 2 3 12 0x14000602b70 1711679137 0} 
2024-03-29T10:38:26.952+0800	info	/Users/data/gowork/src/imapi/internal/server/manager.go:179	CreateNoticeMsg &{1 2 3 11 0x1400022acc0 0 0}
2024-03-29T10:38:26.953+0800	info	/Users/data/gowork/src/imapi/internal/server/chat.go:201	SendNoticeMsg: &{1 2 3 11 0x1400022acc0 1711679906 0} 
2024-03-29T10:38:26.953+0800	info	/Users/data/gowork/src/imapi/internal/server/chat.go:177	sendMsg: &{1 2 3 11 0x1400022acc0 1711679906 0} 
2024-03-29T10:38:36.631+0800	info	/Users/data/gowork/src/imapi/internal/server/manager.go:179	CreateNoticeMsg &{1 0 0 0 0x14000578ff0 0 0}
2024-03-29T10:38:46.626+0800	info	/Users/data/gowork/src/imapi/internal/server/manager.go:179	CreateNoticeMsg &{1 0 0 0 0x14000579140 0 0}
2024-03-29T10:38:56.629+0800	info	/Users/data/gowork/src/imapi/internal/server/manager.go:179	CreateNoticeMsg &{1 0 0 0 0x140002ee300 0 0}
2024-03-29T10:39:06.628+0800	info	/Users/data/gowork/src/imapi/internal/server/manager.go:179	CreateNoticeMsg &{1 0 0 0 0x14000579230 0 0}
2024-03-29T10:39:16.627+0800	info	/Users/data/gowork/src/imapi/internal/server/manager.go:179	CreateNoticeMsg &{1 0 0 0 0x140002ee570 0 0}
2024-03-29T10:39:43.432+0800	info	/Users/data/gowork/src/imapi/internal/server/chat.go:125	ReadData1 : read tcp [::1]:8081->[::1]:52891: use of closed network connection , &{0 0 0 0 <nil> 0 0}
2024-03-29T10:39:43.502+0800	info	/Users/data/gowork/src/imapi/internal/server/manager.go:179	CreateNoticeMsg &{1 2 3 12 0x140002ee390 0 0}
2024-03-29T10:39:43.502+0800	info	/Users/data/gowork/src/imapi/internal/server/manager.go:179	CreateNoticeMsg &{1 2 3 12 0x14000579260 0 0}
2024-03-29T10:39:43.503+0800	info	/Users/data/gowork/src/imapi/internal/server/chat.go:201	SendNoticeMsg: &{1 2 3 12 0x140002ee390 1711679983 0} 
2024-03-29T10:39:43.503+0800	info	/Users/data/gowork/src/imapi/internal/server/chat.go:177	sendMsg: &{1 2 3 12 0x140002ee390 1711679983 0} 
2024-03-29T10:39:43.503+0800	info	/Users/data/gowork/src/imapi/internal/server/chat.go:201	SendNoticeMsg: &{1 2 3 12 0x14000579260 1711679983 0} 
2024-03-29T10:39:43.503+0800	info	/Users/data/gowork/src/imapi/internal/server/chat.go:177	sendMsg: &{1 2 3 12 0x14000579260 1711679983 0} 
